[0.150s] Invoking command in '/root/share/agpv_ws/build/agpv_navigation': CMAKE_PREFIX_PATH=${CMAKE_PREFIX_PATH}:/root/share/agpv_ws/install/navigation:/root/yahboomcar_ws/install/yahboomcar_visual:/root/yahboomcar_ws/install/yahboomcar_nav:/root/yahboomcar_ws/install/yahboomcar_multi:/root/yahboomcar_ws/install/yahboomcar_mediapipe:/root/yahboomcar_ws/install/yahboomcar_laser:/root/yahboomcar_ws/install/yahboomcar_description:/root/yahboomcar_ws/install/yahboomcar_ctrl:/root/yahboomcar_ws/install/yahboomcar_bringup:/root/yahboomcar_ws/install/yahboomcar_astra:/root/yahboomcar_ws/install/yahboom_app_save_map:/root/yahboomcar_ws/install/laserscan_to_point_publisher:/opt/ros/humble /usr/bin/cmake /root/share/agpv_ws/src/agpv_navigation -DCMAKE_INSTALL_PREFIX=/root/share/agpv_ws/install/agpv_navigation
[2.578s] -- The C compiler identification is GNU 11.4.0
[3.278s] -- The CXX compiler identification is GNU 11.4.0
[3.310s] -- Detecting C compiler ABI info
[3.526s] -- Detecting C compiler ABI info - done
[3.538s] -- Check for working C compiler: /usr/bin/cc - skipped
[3.544s] -- Detecting C compile features
[3.547s] -- Detecting C compile features - done
[3.555s] -- Detecting CXX compiler ABI info
[3.694s] -- Detecting CXX compiler ABI info - done
[3.705s] -- Check for working CXX compiler: /usr/bin/c++ - skipped
[3.705s] -- Detecting CXX compile features
[3.706s] -- Detecting CXX compile features - done
[3.792s] -- Found ament_cmake: 1.3.6 (/opt/ros/humble/share/ament_cmake/cmake)
[4.171s] -- Found Python3: /usr/bin/python3.10 (found version "3.10.12") found components: Interpreter 
[4.742s] -- Found rclcpp: 16.0.7 (/opt/ros/humble/share/rclcpp/cmake)
[5.222s] -- Found rosidl_generator_c: 3.1.5 (/opt/ros/humble/share/rosidl_generator_c/cmake)
[5.285s] -- Found rosidl_adapter: 3.1.5 (/opt/ros/humble/share/rosidl_adapter/cmake)
[5.349s] -- Found rosidl_generator_cpp: 3.1.5 (/opt/ros/humble/share/rosidl_generator_cpp/cmake)
[5.444s] -- Using all available rosidl_typesupport_c: rosidl_typesupport_fastrtps_c;rosidl_typesupport_introspection_c
[5.562s] -- Using all available rosidl_typesupport_cpp: rosidl_typesupport_fastrtps_cpp;rosidl_typesupport_introspection_cpp
[5.972s] -- Found rmw_implementation_cmake: 6.1.1 (/opt/ros/humble/share/rmw_implementation_cmake/cmake)
[6.002s] -- Found rmw_fastrtps_cpp: 6.2.5 (/opt/ros/humble/share/rmw_fastrtps_cpp/cmake)
[6.527s] -- Found OpenSSL: /usr/lib/aarch64-linux-gnu/libcrypto.so (found version "3.0.2")  
[6.592s] -- Found FastRTPS: /opt/ros/humble/include  
[6.699s] -- Using RMW implementation 'rmw_fastrtps_cpp' as default
[6.795s] -- Looking for pthread.h
[6.960s] -- Looking for pthread.h - found
[6.961s] -- Performing Test CMAKE_HAVE_LIBC_PTHREAD
[7.083s] -- Performing Test CMAKE_HAVE_LIBC_PTHREAD - Success
[7.085s] -- Found Threads: TRUE  
[7.555s] -- Found ament_lint_auto: 0.12.9 (/opt/ros/humble/share/ament_lint_auto/cmake)
[7.883s] -- Added test 'lint_cmake' to check CMake code style
[7.889s] -- Added test 'xmllint' to check XML markup files
[7.896s] -- Configuring done
[7.902s] -- Generating done
[7.904s] -- Build files have been written to: /root/share/agpv_ws/build/agpv_navigation
[7.918s] Invoked command in '/root/share/agpv_ws/build/agpv_navigation' returned '0': CMAKE_PREFIX_PATH=${CMAKE_PREFIX_PATH}:/root/share/agpv_ws/install/navigation:/root/yahboomcar_ws/install/yahboomcar_visual:/root/yahboomcar_ws/install/yahboomcar_nav:/root/yahboomcar_ws/install/yahboomcar_multi:/root/yahboomcar_ws/install/yahboomcar_mediapipe:/root/yahboomcar_ws/install/yahboomcar_laser:/root/yahboomcar_ws/install/yahboomcar_description:/root/yahboomcar_ws/install/yahboomcar_ctrl:/root/yahboomcar_ws/install/yahboomcar_bringup:/root/yahboomcar_ws/install/yahboomcar_astra:/root/yahboomcar_ws/install/yahboom_app_save_map:/root/yahboomcar_ws/install/laserscan_to_point_publisher:/opt/ros/humble /usr/bin/cmake /root/share/agpv_ws/src/agpv_navigation -DCMAKE_INSTALL_PREFIX=/root/share/agpv_ws/install/agpv_navigation
[7.921s] Invoking command in '/root/share/agpv_ws/build/agpv_navigation': CMAKE_PREFIX_PATH=${CMAKE_PREFIX_PATH}:/root/share/agpv_ws/install/navigation:/root/yahboomcar_ws/install/yahboomcar_visual:/root/yahboomcar_ws/install/yahboomcar_nav:/root/yahboomcar_ws/install/yahboomcar_multi:/root/yahboomcar_ws/install/yahboomcar_mediapipe:/root/yahboomcar_ws/install/yahboomcar_laser:/root/yahboomcar_ws/install/yahboomcar_description:/root/yahboomcar_ws/install/yahboomcar_ctrl:/root/yahboomcar_ws/install/yahboomcar_bringup:/root/yahboomcar_ws/install/yahboomcar_astra:/root/yahboomcar_ws/install/yahboom_app_save_map:/root/yahboomcar_ws/install/laserscan_to_point_publisher:/opt/ros/humble /usr/bin/cmake --build /root/share/agpv_ws/build/agpv_navigation -- -j4 -l4
[7.979s] Invoked command in '/root/share/agpv_ws/build/agpv_navigation' returned '0': CMAKE_PREFIX_PATH=${CMAKE_PREFIX_PATH}:/root/share/agpv_ws/install/navigation:/root/yahboomcar_ws/install/yahboomcar_visual:/root/yahboomcar_ws/install/yahboomcar_nav:/root/yahboomcar_ws/install/yahboomcar_multi:/root/yahboomcar_ws/install/yahboomcar_mediapipe:/root/yahboomcar_ws/install/yahboomcar_laser:/root/yahboomcar_ws/install/yahboomcar_description:/root/yahboomcar_ws/install/yahboomcar_ctrl:/root/yahboomcar_ws/install/yahboomcar_bringup:/root/yahboomcar_ws/install/yahboomcar_astra:/root/yahboomcar_ws/install/yahboom_app_save_map:/root/yahboomcar_ws/install/laserscan_to_point_publisher:/opt/ros/humble /usr/bin/cmake --build /root/share/agpv_ws/build/agpv_navigation -- -j4 -l4
[8.020s] Invoking command in '/root/share/agpv_ws/build/agpv_navigation': CMAKE_PREFIX_PATH=${CMAKE_PREFIX_PATH}:/root/share/agpv_ws/install/navigation:/root/yahboomcar_ws/install/yahboomcar_visual:/root/yahboomcar_ws/install/yahboomcar_nav:/root/yahboomcar_ws/install/yahboomcar_multi:/root/yahboomcar_ws/install/yahboomcar_mediapipe:/root/yahboomcar_ws/install/yahboomcar_laser:/root/yahboomcar_ws/install/yahboomcar_description:/root/yahboomcar_ws/install/yahboomcar_ctrl:/root/yahboomcar_ws/install/yahboomcar_bringup:/root/yahboomcar_ws/install/yahboomcar_astra:/root/yahboomcar_ws/install/yahboom_app_save_map:/root/yahboomcar_ws/install/laserscan_to_point_publisher:/opt/ros/humble /usr/bin/cmake --install /root/share/agpv_ws/build/agpv_navigation
[8.032s] -- Install configuration: ""
[8.032s] -- Installing: /root/share/agpv_ws/install/agpv_navigation/share/ament_index/resource_index/package_run_dependencies/agpv_navigation
[8.033s] -- Installing: /root/share/agpv_ws/install/agpv_navigation/share/ament_index/resource_index/parent_prefix_path/agpv_navigation
[8.033s] -- Installing: /root/share/agpv_ws/install/agpv_navigation/share/agpv_navigation/environment/ament_prefix_path.sh
[8.033s] -- Installing: /root/share/agpv_ws/install/agpv_navigation/share/agpv_navigation/environment/ament_prefix_path.dsv
[8.033s] -- Installing: /root/share/agpv_ws/install/agpv_navigation/share/agpv_navigation/environment/path.sh
[8.033s] -- Installing: /root/share/agpv_ws/install/agpv_navigation/share/agpv_navigation/environment/path.dsv
[8.034s] -- Installing: /root/share/agpv_ws/install/agpv_navigation/share/agpv_navigation/local_setup.bash
[8.034s] -- Installing: /root/share/agpv_ws/install/agpv_navigation/share/agpv_navigation/local_setup.sh
[8.034s] -- Installing: /root/share/agpv_ws/install/agpv_navigation/share/agpv_navigation/local_setup.zsh
[8.034s] -- Installing: /root/share/agpv_ws/install/agpv_navigation/share/agpv_navigation/local_setup.dsv
[8.035s] -- Installing: /root/share/agpv_ws/install/agpv_navigation/share/agpv_navigation/package.dsv
[8.040s] -- Installing: /root/share/agpv_ws/install/agpv_navigation/share/ament_index/resource_index/packages/agpv_navigation
[8.041s] -- Installing: /root/share/agpv_ws/install/agpv_navigation/share/agpv_navigation/cmake/agpv_navigationConfig.cmake
[8.041s] -- Installing: /root/share/agpv_ws/install/agpv_navigation/share/agpv_navigation/cmake/agpv_navigationConfig-version.cmake
[8.041s] -- Installing: /root/share/agpv_ws/install/agpv_navigation/share/agpv_navigation/package.xml
[8.043s] Invoked command in '/root/share/agpv_ws/build/agpv_navigation' returned '0': CMAKE_PREFIX_PATH=${CMAKE_PREFIX_PATH}:/root/share/agpv_ws/install/navigation:/root/yahboomcar_ws/install/yahboomcar_visual:/root/yahboomcar_ws/install/yahboomcar_nav:/root/yahboomcar_ws/install/yahboomcar_multi:/root/yahboomcar_ws/install/yahboomcar_mediapipe:/root/yahboomcar_ws/install/yahboomcar_laser:/root/yahboomcar_ws/install/yahboomcar_description:/root/yahboomcar_ws/install/yahboomcar_ctrl:/root/yahboomcar_ws/install/yahboomcar_bringup:/root/yahboomcar_ws/install/yahboomcar_astra:/root/yahboomcar_ws/install/yahboom_app_save_map:/root/yahboomcar_ws/install/laserscan_to_point_publisher:/opt/ros/humble /usr/bin/cmake --install /root/share/agpv_ws/build/agpv_navigation
