running egg_info
writing ../../build/agpv_navigation/agpv_navigation.egg-info/PKG-INFO
writing dependency_links to ../../build/agpv_navigation/agpv_navigation.egg-info/dependency_links.txt
writing entry points to ../../build/agpv_navigation/agpv_navigation.egg-info/entry_points.txt
writing requirements to ../../build/agpv_navigation/agpv_navigation.egg-info/requires.txt
writing top-level names to ../../build/agpv_navigation/agpv_navigation.egg-info/top_level.txt
reading manifest file '../../build/agpv_navigation/agpv_navigation.egg-info/SOURCES.txt'
writing manifest file '../../build/agpv_navigation/agpv_navigation.egg-info/SOURCES.txt'
running build
running build_py
running install
/usr/lib/python3/dist-packages/setuptools/command/install.py:34: SetuptoolsDeprecationWarning: setup.py install is deprecated. Use build and pip and other standards-based tools.
  warnings.warn(
running install_lib
running install_data
creating /root/share/agpv_ws/install/agpv_navigation/share/agpv_navigation/launch
copying launch/agpv_navigation.launch.py -> /root/share/agpv_ws/install/agpv_navigation/share/agpv_navigation/launch
running install_egg_info
removing '/root/share/agpv_ws/install/agpv_navigation/lib/python3.10/site-packages/agpv_navigation-0.0.0-py3.10.egg-info' (and everything under it)
Copying ../../build/agpv_navigation/agpv_navigation.egg-info to /root/share/agpv_ws/install/agpv_navigation/lib/python3.10/site-packages/agpv_navigation-0.0.0-py3.10.egg-info
running install_scripts
Installing alert_handler script to /root/share/agpv_ws/install/agpv_navigation/lib/agpv_navigation
Installing patrol_vehicle script to /root/share/agpv_ws/install/agpv_navigation/lib/agpv_navigation
Installing visual_detector script to /root/share/agpv_ws/install/agpv_navigation/lib/agpv_navigation
writing list of installed files to '/root/share/agpv_ws/build/agpv_navigation/install.log'
