/root/share/agpv_ws/install/navigation/lib/python3.10/site-packages/navigation/__init__.py
/root/share/agpv_ws/install/navigation/lib/python3.10/site-packages/navigation/visual_detector.py
/root/share/agpv_ws/install/navigation/lib/python3.10/site-packages/navigation/alert_handler.py
/root/share/agpv_ws/install/navigation/lib/python3.10/site-packages/navigation/patrol_vehicle.py
/root/share/agpv_ws/install/navigation/lib/python3.10/site-packages/navigation/__pycache__/__init__.cpython-310.pyc
/root/share/agpv_ws/install/navigation/lib/python3.10/site-packages/navigation/__pycache__/visual_detector.cpython-310.pyc
/root/share/agpv_ws/install/navigation/lib/python3.10/site-packages/navigation/__pycache__/alert_handler.cpython-310.pyc
/root/share/agpv_ws/install/navigation/lib/python3.10/site-packages/navigation/__pycache__/patrol_vehicle.cpython-310.pyc
/root/share/agpv_ws/install/navigation/share/ament_index/resource_index/packages/navigation
/root/share/agpv_ws/install/navigation/share/navigation/package.xml
/root/share/agpv_ws/install/navigation/lib/python3.10/site-packages/navigation-0.0.0-py3.10.egg-info/entry_points.txt
/root/share/agpv_ws/install/navigation/lib/python3.10/site-packages/navigation-0.0.0-py3.10.egg-info/top_level.txt
/root/share/agpv_ws/install/navigation/lib/python3.10/site-packages/navigation-0.0.0-py3.10.egg-info/dependency_links.txt
/root/share/agpv_ws/install/navigation/lib/python3.10/site-packages/navigation-0.0.0-py3.10.egg-info/SOURCES.txt
/root/share/agpv_ws/install/navigation/lib/python3.10/site-packages/navigation-0.0.0-py3.10.egg-info/zip-safe
/root/share/agpv_ws/install/navigation/lib/python3.10/site-packages/navigation-0.0.0-py3.10.egg-info/PKG-INFO
/root/share/agpv_ws/install/navigation/lib/python3.10/site-packages/navigation-0.0.0-py3.10.egg-info/requires.txt
/root/share/agpv_ws/install/navigation/lib/navigation/alert_handler
/root/share/agpv_ws/install/navigation/lib/navigation/patrol_vehicle
/root/share/agpv_ws/install/navigation/lib/navigation/visual_detector
