[1.559s] DEBUG:colcon:Command line arguments: ['/usr/bin/colcon', 'build']
[1.559s] DEBUG:colcon:Parsed command line arguments: Namespace(log_base=None, log_level=None, verb_name='build', build_base='build', install_base='install', merge_install=False, symlink_install=False, test_result_base=None, continue_on_error=False, executor='parallel', parallel_workers=4, event_handlers=None, ignore_user_meta=False, metas=['./colcon.meta'], base_paths=['.'], packages_ignore=None, packages_ignore_regex=None, paths=None, packages_up_to=None, packages_up_to_regex=None, packages_above=None, packages_above_and_dependencies=None, packages_above_depth=None, packages_select_by_dep=None, packages_skip_by_dep=None, packages_skip_up_to=None, packages_select_build_failed=False, packages_skip_build_finished=False, packages_select_test_failures=False, packages_skip_test_passed=False, packages_select=None, packages_skip=None, packages_select_regex=None, packages_skip_regex=None, packages_start=None, packages_end=None, cmake_args=None, cmake_target=None, cmake_target_skip_unavailable=False, cmake_clean_cache=False, cmake_clean_first=False, cmake_force_configure=False, ament_cmake_args=None, catkin_cmake_args=None, catkin_skip_building_tests=False, mixin_files=None, mixin=None, verb_parser=<colcon_mixin.mixin.mixin_argument.MixinArgumentDecorator object at 0x7fff09570220>, verb_extension=<colcon_core.verb.build.BuildVerb object at 0x7fff095979a0>, main=<bound method BuildVerb.main of <colcon_core.verb.build.BuildVerb object at 0x7fff095979a0>>, mixin_verb=('build',))
[1.619s] Level 1:colcon.colcon_core.package_discovery:discover_packages(colcon_meta) check parameters
[1.620s] INFO:colcon.colcon_metadata.package_discovery.colcon_meta:Using configuration from '/root/.colcon/metadata/default/Gazebo.meta'
[1.621s] INFO:colcon.colcon_metadata.package_discovery.colcon_meta:Using configuration from '/root/.colcon/metadata/default/fastrtps.meta'
[1.621s] Level 1:colcon.colcon_core.package_discovery:discover_packages(recursive) check parameters
[1.621s] Level 1:colcon.colcon_core.package_discovery:discover_packages(ignore) check parameters
[1.621s] Level 1:colcon.colcon_core.package_discovery:discover_packages(path) check parameters
[1.621s] Level 1:colcon.colcon_core.package_discovery:discover_packages(colcon_meta) discover
[1.621s] Level 1:colcon.colcon_core.package_discovery:discover_packages(recursive) discover
[1.621s] INFO:colcon.colcon_core.package_discovery:Crawling recursively for packages in '/root/share/agpv_ws'
[1.621s] Level 1:colcon.colcon_core.package_identification:_identify(.) by extensions ['ignore', 'ignore_ament_install']
[1.621s] Level 1:colcon.colcon_core.package_identification:_identify(.) by extension 'ignore'
[1.621s] Level 1:colcon.colcon_core.package_identification:_identify(.) by extension 'ignore_ament_install'
[1.622s] Level 1:colcon.colcon_core.package_identification:_identify(.) by extensions ['colcon_pkg']
[1.622s] Level 1:colcon.colcon_core.package_identification:_identify(.) by extension 'colcon_pkg'
[1.622s] Level 1:colcon.colcon_core.package_identification:_identify(.) by extensions ['colcon_meta']
[1.622s] Level 1:colcon.colcon_core.package_identification:_identify(.) by extension 'colcon_meta'
[1.622s] Level 1:colcon.colcon_core.package_identification:_identify(.) by extensions ['ros']
[1.622s] Level 1:colcon.colcon_core.package_identification:_identify(.) by extension 'ros'
[1.661s] Level 1:colcon.colcon_core.package_identification:_identify(.) by extensions ['cmake', 'python']
[1.661s] Level 1:colcon.colcon_core.package_identification:_identify(.) by extension 'cmake'
[1.661s] Level 1:colcon.colcon_core.package_identification:_identify(.) by extension 'python'
[1.661s] Level 1:colcon.colcon_core.package_identification:_identify(.) by extensions ['python_setup_py']
[1.661s] Level 1:colcon.colcon_core.package_identification:_identify(.) by extension 'python_setup_py'
[1.661s] Level 1:colcon.colcon_core.package_identification:_identify(build) by extensions ['ignore', 'ignore_ament_install']
[1.661s] Level 1:colcon.colcon_core.package_identification:_identify(build) by extension 'ignore'
[1.661s] Level 1:colcon.colcon_core.package_identification:_identify(build) ignored
[1.662s] Level 1:colcon.colcon_core.package_identification:_identify(install) by extensions ['ignore', 'ignore_ament_install']
[1.662s] Level 1:colcon.colcon_core.package_identification:_identify(install) by extension 'ignore'
[1.662s] Level 1:colcon.colcon_core.package_identification:_identify(install) ignored
[1.662s] Level 1:colcon.colcon_core.package_identification:_identify(log) by extensions ['ignore', 'ignore_ament_install']
[1.662s] Level 1:colcon.colcon_core.package_identification:_identify(log) by extension 'ignore'
[1.662s] Level 1:colcon.colcon_core.package_identification:_identify(log) ignored
[1.662s] Level 1:colcon.colcon_core.package_identification:_identify(src) by extensions ['ignore', 'ignore_ament_install']
[1.662s] Level 1:colcon.colcon_core.package_identification:_identify(src) by extension 'ignore'
[1.662s] Level 1:colcon.colcon_core.package_identification:_identify(src) by extension 'ignore_ament_install'
[1.662s] Level 1:colcon.colcon_core.package_identification:_identify(src) by extensions ['colcon_pkg']
[1.662s] Level 1:colcon.colcon_core.package_identification:_identify(src) by extension 'colcon_pkg'
[1.662s] Level 1:colcon.colcon_core.package_identification:_identify(src) by extensions ['colcon_meta']
[1.662s] Level 1:colcon.colcon_core.package_identification:_identify(src) by extension 'colcon_meta'
[1.662s] Level 1:colcon.colcon_core.package_identification:_identify(src) by extensions ['ros']
[1.662s] Level 1:colcon.colcon_core.package_identification:_identify(src) by extension 'ros'
[1.663s] Level 1:colcon.colcon_core.package_identification:_identify(src) by extensions ['cmake', 'python']
[1.663s] Level 1:colcon.colcon_core.package_identification:_identify(src) by extension 'cmake'
[1.663s] Level 1:colcon.colcon_core.package_identification:_identify(src) by extension 'python'
[1.663s] Level 1:colcon.colcon_core.package_identification:_identify(src) by extensions ['python_setup_py']
[1.663s] Level 1:colcon.colcon_core.package_identification:_identify(src) by extension 'python_setup_py'
[1.663s] Level 1:colcon.colcon_core.package_identification:_identify(src/agpv_navigation) by extensions ['ignore', 'ignore_ament_install']
[1.663s] Level 1:colcon.colcon_core.package_identification:_identify(src/agpv_navigation) by extension 'ignore'
[1.663s] Level 1:colcon.colcon_core.package_identification:_identify(src/agpv_navigation) by extension 'ignore_ament_install'
[1.663s] Level 1:colcon.colcon_core.package_identification:_identify(src/agpv_navigation) by extensions ['colcon_pkg']
[1.663s] Level 1:colcon.colcon_core.package_identification:_identify(src/agpv_navigation) by extension 'colcon_pkg'
[1.663s] Level 1:colcon.colcon_core.package_identification:_identify(src/agpv_navigation) by extensions ['colcon_meta']
[1.663s] Level 1:colcon.colcon_core.package_identification:_identify(src/agpv_navigation) by extension 'colcon_meta'
[1.663s] Level 1:colcon.colcon_core.package_identification:_identify(src/agpv_navigation) by extensions ['ros']
[1.663s] Level 1:colcon.colcon_core.package_identification:_identify(src/agpv_navigation) by extension 'ros'
[1.667s] DEBUG:colcon.colcon_core.package_identification:Package 'src/agpv_navigation' with type 'ros.ament_cmake' and name 'agpv_navigation'
[1.667s] Level 1:colcon.colcon_core.package_discovery:discover_packages(recursive) using defaults
[1.667s] Level 1:colcon.colcon_core.package_discovery:discover_packages(ignore) discover
[1.667s] Level 1:colcon.colcon_core.package_discovery:discover_packages(ignore) using defaults
[1.667s] Level 1:colcon.colcon_core.package_discovery:discover_packages(path) discover
[1.667s] Level 1:colcon.colcon_core.package_discovery:discover_packages(path) using defaults
[1.764s] Level 5:colcon.colcon_core.verb:set package 'agpv_navigation' build argument 'cmake_args' from command line to 'None'
[1.764s] Level 5:colcon.colcon_core.verb:set package 'agpv_navigation' build argument 'cmake_target' from command line to 'None'
[1.764s] Level 5:colcon.colcon_core.verb:set package 'agpv_navigation' build argument 'cmake_target_skip_unavailable' from command line to 'False'
[1.764s] Level 5:colcon.colcon_core.verb:set package 'agpv_navigation' build argument 'cmake_clean_cache' from command line to 'False'
[1.764s] Level 5:colcon.colcon_core.verb:set package 'agpv_navigation' build argument 'cmake_clean_first' from command line to 'False'
[1.764s] Level 5:colcon.colcon_core.verb:set package 'agpv_navigation' build argument 'cmake_force_configure' from command line to 'False'
[1.764s] Level 5:colcon.colcon_core.verb:set package 'agpv_navigation' build argument 'ament_cmake_args' from command line to 'None'
[1.764s] Level 5:colcon.colcon_core.verb:set package 'agpv_navigation' build argument 'catkin_cmake_args' from command line to 'None'
[1.764s] Level 5:colcon.colcon_core.verb:set package 'agpv_navigation' build argument 'catkin_skip_building_tests' from command line to 'False'
[1.764s] DEBUG:colcon.colcon_core.verb:Building package 'agpv_navigation' with the following arguments: {'ament_cmake_args': None, 'build_base': '/root/share/agpv_ws/build/agpv_navigation', 'catkin_cmake_args': None, 'catkin_skip_building_tests': False, 'cmake_args': None, 'cmake_clean_cache': False, 'cmake_clean_first': False, 'cmake_force_configure': False, 'cmake_target': None, 'cmake_target_skip_unavailable': False, 'install_base': '/root/share/agpv_ws/install/agpv_navigation', 'merge_install': False, 'path': '/root/share/agpv_ws/src/agpv_navigation', 'symlink_install': False, 'test_result_base': None}
[1.782s] INFO:colcon.colcon_core.executor:Executing jobs using 'parallel' executor
[1.801s] DEBUG:colcon.colcon_parallel_executor.executor.parallel:run_until_complete
[1.802s] INFO:colcon.colcon_ros.task.ament_cmake.build:Building ROS package in '/root/share/agpv_ws/src/agpv_navigation' with build type 'ament_cmake'
[1.803s] INFO:colcon.colcon_cmake.task.cmake.build:Building CMake package in '/root/share/agpv_ws/src/agpv_navigation'
[1.828s] INFO:colcon.colcon_core.plugin_system:Skipping extension 'colcon_core.shell.bat': Not used on non-Windows systems
[1.829s] INFO:colcon.colcon_core.shell:Skip shell extension 'powershell' for command environment: Not usable outside of PowerShell
[1.830s] DEBUG:colcon.colcon_core.shell:Skip shell extension 'dsv' for command environment
[1.852s] WARNING:colcon.colcon_ros.prefix_path.ament:The path '/root/share/agpv_ws/install/navigation' in the environment variable AMENT_PREFIX_PATH doesn't exist
[1.972s] DEBUG:colcon.colcon_core.event_handler.log_command:Invoking command in '/root/share/agpv_ws/build/agpv_navigation': CMAKE_PREFIX_PATH=${CMAKE_PREFIX_PATH}:/root/share/agpv_ws/install/navigation:/root/yahboomcar_ws/install/yahboomcar_visual:/root/yahboomcar_ws/install/yahboomcar_nav:/root/yahboomcar_ws/install/yahboomcar_multi:/root/yahboomcar_ws/install/yahboomcar_mediapipe:/root/yahboomcar_ws/install/yahboomcar_laser:/root/yahboomcar_ws/install/yahboomcar_description:/root/yahboomcar_ws/install/yahboomcar_ctrl:/root/yahboomcar_ws/install/yahboomcar_bringup:/root/yahboomcar_ws/install/yahboomcar_astra:/root/yahboomcar_ws/install/yahboom_app_save_map:/root/yahboomcar_ws/install/laserscan_to_point_publisher:/opt/ros/humble /usr/bin/cmake --build /root/share/agpv_ws/build/agpv_navigation -- -j4 -l4
[2.034s] DEBUG:colcon.colcon_core.event_handler.log_command:Invoked command in '/root/share/agpv_ws/build/agpv_navigation' returned '0': CMAKE_PREFIX_PATH=${CMAKE_PREFIX_PATH}:/root/share/agpv_ws/install/navigation:/root/yahboomcar_ws/install/yahboomcar_visual:/root/yahboomcar_ws/install/yahboomcar_nav:/root/yahboomcar_ws/install/yahboomcar_multi:/root/yahboomcar_ws/install/yahboomcar_mediapipe:/root/yahboomcar_ws/install/yahboomcar_laser:/root/yahboomcar_ws/install/yahboomcar_description:/root/yahboomcar_ws/install/yahboomcar_ctrl:/root/yahboomcar_ws/install/yahboomcar_bringup:/root/yahboomcar_ws/install/yahboomcar_astra:/root/yahboomcar_ws/install/yahboom_app_save_map:/root/yahboomcar_ws/install/laserscan_to_point_publisher:/opt/ros/humble /usr/bin/cmake --build /root/share/agpv_ws/build/agpv_navigation -- -j4 -l4
[2.077s] DEBUG:colcon.colcon_core.event_handler.log_command:Invoking command in '/root/share/agpv_ws/build/agpv_navigation': CMAKE_PREFIX_PATH=${CMAKE_PREFIX_PATH}:/root/share/agpv_ws/install/navigation:/root/yahboomcar_ws/install/yahboomcar_visual:/root/yahboomcar_ws/install/yahboomcar_nav:/root/yahboomcar_ws/install/yahboomcar_multi:/root/yahboomcar_ws/install/yahboomcar_mediapipe:/root/yahboomcar_ws/install/yahboomcar_laser:/root/yahboomcar_ws/install/yahboomcar_description:/root/yahboomcar_ws/install/yahboomcar_ctrl:/root/yahboomcar_ws/install/yahboomcar_bringup:/root/yahboomcar_ws/install/yahboomcar_astra:/root/yahboomcar_ws/install/yahboom_app_save_map:/root/yahboomcar_ws/install/laserscan_to_point_publisher:/opt/ros/humble /usr/bin/cmake --install /root/share/agpv_ws/build/agpv_navigation
[2.094s] Level 1:colcon.colcon_core.environment:create_environment_scripts_only(agpv_navigation)
[2.094s] DEBUG:colcon.colcon_core.event_handler.log_command:Invoked command in '/root/share/agpv_ws/build/agpv_navigation' returned '0': CMAKE_PREFIX_PATH=${CMAKE_PREFIX_PATH}:/root/share/agpv_ws/install/navigation:/root/yahboomcar_ws/install/yahboomcar_visual:/root/yahboomcar_ws/install/yahboomcar_nav:/root/yahboomcar_ws/install/yahboomcar_multi:/root/yahboomcar_ws/install/yahboomcar_mediapipe:/root/yahboomcar_ws/install/yahboomcar_laser:/root/yahboomcar_ws/install/yahboomcar_description:/root/yahboomcar_ws/install/yahboomcar_ctrl:/root/yahboomcar_ws/install/yahboomcar_bringup:/root/yahboomcar_ws/install/yahboomcar_astra:/root/yahboomcar_ws/install/yahboom_app_save_map:/root/yahboomcar_ws/install/laserscan_to_point_publisher:/opt/ros/humble /usr/bin/cmake --install /root/share/agpv_ws/build/agpv_navigation
[2.116s] Level 1:colcon.colcon_core.environment:checking '/root/share/agpv_ws/install/agpv_navigation' for CMake module files
[2.117s] Level 1:colcon.colcon_core.environment:checking '/root/share/agpv_ws/install/agpv_navigation' for CMake config files
[2.117s] Level 1:colcon.colcon_core.shell:create_environment_hook('agpv_navigation', 'cmake_prefix_path')
[2.139s] INFO:colcon.colcon_core.shell:Creating environment hook '/root/share/agpv_ws/install/agpv_navigation/share/agpv_navigation/hook/cmake_prefix_path.ps1'
[2.140s] INFO:colcon.colcon_core.shell:Creating environment descriptor '/root/share/agpv_ws/install/agpv_navigation/share/agpv_navigation/hook/cmake_prefix_path.dsv'
[2.140s] INFO:colcon.colcon_core.shell:Creating environment hook '/root/share/agpv_ws/install/agpv_navigation/share/agpv_navigation/hook/cmake_prefix_path.sh'
[2.142s] Level 1:colcon.colcon_core.environment:checking '/root/share/agpv_ws/install/agpv_navigation/lib'
[2.142s] Level 1:colcon.colcon_core.environment:checking '/root/share/agpv_ws/install/agpv_navigation/bin'
[2.142s] Level 1:colcon.colcon_core.environment:checking '/root/share/agpv_ws/install/agpv_navigation/lib/pkgconfig/agpv_navigation.pc'
[2.145s] Level 1:colcon.colcon_core.environment:checking '/root/share/agpv_ws/install/agpv_navigation/lib/python3.10/site-packages'
[2.145s] Level 1:colcon.colcon_core.shell:create_environment_hook('agpv_navigation', 'pythonpath')
[2.164s] INFO:colcon.colcon_core.shell:Creating environment hook '/root/share/agpv_ws/install/agpv_navigation/share/agpv_navigation/hook/pythonpath.ps1'
[2.165s] INFO:colcon.colcon_core.shell:Creating environment descriptor '/root/share/agpv_ws/install/agpv_navigation/share/agpv_navigation/hook/pythonpath.dsv'
[2.165s] INFO:colcon.colcon_core.shell:Creating environment hook '/root/share/agpv_ws/install/agpv_navigation/share/agpv_navigation/hook/pythonpath.sh'
[2.166s] Level 1:colcon.colcon_core.environment:checking '/root/share/agpv_ws/install/agpv_navigation/bin'
[2.184s] INFO:colcon.colcon_core.shell:Creating package script '/root/share/agpv_ws/install/agpv_navigation/share/agpv_navigation/package.ps1'
[2.185s] INFO:colcon.colcon_core.shell:Creating package descriptor '/root/share/agpv_ws/install/agpv_navigation/share/agpv_navigation/package.dsv'
[2.186s] INFO:colcon.colcon_core.shell:Creating package script '/root/share/agpv_ws/install/agpv_navigation/share/agpv_navigation/package.sh'
[2.187s] INFO:colcon.colcon_core.shell:Creating package script '/root/share/agpv_ws/install/agpv_navigation/share/agpv_navigation/package.bash'
[2.188s] INFO:colcon.colcon_core.shell:Creating package script '/root/share/agpv_ws/install/agpv_navigation/share/agpv_navigation/package.zsh'
[2.189s] Level 1:colcon.colcon_core.environment:create_file_with_runtime_dependencies(/root/share/agpv_ws/install/agpv_navigation/share/colcon-core/packages/agpv_navigation)
[2.242s] Level 1:colcon.colcon_core.environment:create_environment_scripts_only(agpv_navigation)
[2.265s] Level 1:colcon.colcon_core.environment:checking '/root/share/agpv_ws/install/agpv_navigation' for CMake module files
[2.266s] Level 1:colcon.colcon_core.environment:checking '/root/share/agpv_ws/install/agpv_navigation' for CMake config files
[2.267s] Level 1:colcon.colcon_core.shell:create_environment_hook('agpv_navigation', 'cmake_prefix_path')
[2.287s] INFO:colcon.colcon_core.shell:Creating environment hook '/root/share/agpv_ws/install/agpv_navigation/share/agpv_navigation/hook/cmake_prefix_path.ps1'
[2.288s] INFO:colcon.colcon_core.shell:Creating environment descriptor '/root/share/agpv_ws/install/agpv_navigation/share/agpv_navigation/hook/cmake_prefix_path.dsv'
[2.289s] INFO:colcon.colcon_core.shell:Creating environment hook '/root/share/agpv_ws/install/agpv_navigation/share/agpv_navigation/hook/cmake_prefix_path.sh'
[2.289s] Level 1:colcon.colcon_core.environment:checking '/root/share/agpv_ws/install/agpv_navigation/lib'
[2.290s] Level 1:colcon.colcon_core.environment:checking '/root/share/agpv_ws/install/agpv_navigation/bin'
[2.290s] Level 1:colcon.colcon_core.environment:checking '/root/share/agpv_ws/install/agpv_navigation/lib/pkgconfig/agpv_navigation.pc'
[2.290s] Level 1:colcon.colcon_core.environment:checking '/root/share/agpv_ws/install/agpv_navigation/lib/python3.10/site-packages'
[2.290s] Level 1:colcon.colcon_core.shell:create_environment_hook('agpv_navigation', 'pythonpath')
[2.311s] INFO:colcon.colcon_core.shell:Creating environment hook '/root/share/agpv_ws/install/agpv_navigation/share/agpv_navigation/hook/pythonpath.ps1'
[2.312s] INFO:colcon.colcon_core.shell:Creating environment descriptor '/root/share/agpv_ws/install/agpv_navigation/share/agpv_navigation/hook/pythonpath.dsv'
[2.312s] INFO:colcon.colcon_core.shell:Creating environment hook '/root/share/agpv_ws/install/agpv_navigation/share/agpv_navigation/hook/pythonpath.sh'
[2.313s] Level 1:colcon.colcon_core.environment:checking '/root/share/agpv_ws/install/agpv_navigation/bin'
[2.335s] INFO:colcon.colcon_core.shell:Creating package script '/root/share/agpv_ws/install/agpv_navigation/share/agpv_navigation/package.ps1'
[2.336s] INFO:colcon.colcon_core.shell:Creating package descriptor '/root/share/agpv_ws/install/agpv_navigation/share/agpv_navigation/package.dsv'
[2.338s] INFO:colcon.colcon_core.shell:Creating package script '/root/share/agpv_ws/install/agpv_navigation/share/agpv_navigation/package.sh'
[2.339s] INFO:colcon.colcon_core.shell:Creating package script '/root/share/agpv_ws/install/agpv_navigation/share/agpv_navigation/package.bash'
[2.339s] INFO:colcon.colcon_core.shell:Creating package script '/root/share/agpv_ws/install/agpv_navigation/share/agpv_navigation/package.zsh'
[2.340s] Level 1:colcon.colcon_core.environment:create_file_with_runtime_dependencies(/root/share/agpv_ws/install/agpv_navigation/share/colcon-core/packages/agpv_navigation)
[2.341s] DEBUG:colcon.colcon_parallel_executor.executor.parallel:closing loop
[2.342s] DEBUG:colcon.colcon_parallel_executor.executor.parallel:loop closed
[2.342s] DEBUG:colcon.colcon_parallel_executor.executor.parallel:run_until_complete finished with '0'
[2.342s] DEBUG:colcon.colcon_core.event_reactor:joining thread
[2.377s] INFO:colcon.colcon_core.plugin_system:Skipping extension 'colcon_notification.desktop_notification.notify_send': Could not find 'notify-send'
[2.377s] INFO:colcon.colcon_core.plugin_system:Skipping extension 'colcon_notification.desktop_notification.terminal_notifier': Not used on non-Darwin systems
[2.377s] INFO:colcon.colcon_core.plugin_system:Skipping extension 'colcon_notification.desktop_notification.win32': Not used on non-Windows systems
[2.377s] INFO:colcon.colcon_notification.desktop_notification:Sending desktop notification using 'notify2'
[2.378s] DEBUG:colcon.colcon_notification.desktop_notification.notify2:Failed to initialize notify2: org.freedesktop.DBus.Error.Spawn.ExecFailed: /usr/bin/dbus-launch terminated abnormally without any error message
[2.379s] DEBUG:colcon.colcon_core.event_reactor:joined thread
[2.403s] INFO:colcon.colcon_core.shell:Creating prefix script '/root/share/agpv_ws/install/local_setup.ps1'
[2.405s] INFO:colcon.colcon_core.shell:Creating prefix util module '/root/share/agpv_ws/install/_local_setup_util_ps1.py'
[2.407s] INFO:colcon.colcon_core.shell:Creating prefix chain script '/root/share/agpv_ws/install/setup.ps1'
[2.433s] INFO:colcon.colcon_core.shell:Creating prefix script '/root/share/agpv_ws/install/local_setup.sh'
[2.434s] INFO:colcon.colcon_core.shell:Creating prefix util module '/root/share/agpv_ws/install/_local_setup_util_sh.py'
[2.435s] INFO:colcon.colcon_core.shell:Creating prefix chain script '/root/share/agpv_ws/install/setup.sh'
[2.460s] INFO:colcon.colcon_core.shell:Creating prefix script '/root/share/agpv_ws/install/local_setup.bash'
[2.461s] INFO:colcon.colcon_core.shell:Creating prefix chain script '/root/share/agpv_ws/install/setup.bash'
[2.487s] INFO:colcon.colcon_core.shell:Creating prefix script '/root/share/agpv_ws/install/local_setup.zsh'
[2.487s] INFO:colcon.colcon_core.shell:Creating prefix chain script '/root/share/agpv_ws/install/setup.zsh'
