[1.182s] Invoking command in '/root/share/agpv_ws/src/agpv_navigation': PYTHONPATH=/root/share/agpv_ws/build/agpv_navigation/prefix_override:/root/share/agpv_ws/install/agpv_navigation/lib/python3.10/site-packages:${PYTHONPATH} /usr/bin/python3 setup.py egg_info --egg-base ../../build/agpv_navigation build --build-base /root/share/agpv_ws/build/agpv_navigation/build install --record /root/share/agpv_ws/build/agpv_navigation/install.log --single-version-externally-managed
[1.506s] running egg_info
[1.507s] writing ../../build/agpv_navigation/agpv_navigation.egg-info/PKG-INFO
[1.507s] writing dependency_links to ../../build/agpv_navigation/agpv_navigation.egg-info/dependency_links.txt
[1.507s] writing entry points to ../../build/agpv_navigation/agpv_navigation.egg-info/entry_points.txt
[1.507s] writing requirements to ../../build/agpv_navigation/agpv_navigation.egg-info/requires.txt
[1.508s] writing top-level names to ../../build/agpv_navigation/agpv_navigation.egg-info/top_level.txt
[1.511s] reading manifest file '../../build/agpv_navigation/agpv_navigation.egg-info/SOURCES.txt'
[1.511s] writing manifest file '../../build/agpv_navigation/agpv_navigation.egg-info/SOURCES.txt'
[1.512s] running build
[1.512s] running build_py
[1.512s] copying agpv_navigation/__init__.py -> /root/share/agpv_ws/build/agpv_navigation/build/lib/agpv_navigation
[1.512s] copying agpv_navigation/alert_handler.py -> /root/share/agpv_ws/build/agpv_navigation/build/lib/agpv_navigation
[1.512s] running install
[1.512s] /usr/lib/python3/dist-packages/setuptools/command/install.py:34: SetuptoolsDeprecationWarning: setup.py install is deprecated. Use build and pip and other standards-based tools.
[1.512s]   warnings.warn(
[1.513s] running install_lib
[1.514s] copying /root/share/agpv_ws/build/agpv_navigation/build/lib/agpv_navigation/__init__.py -> /root/share/agpv_ws/install/agpv_navigation/lib/python3.10/site-packages/agpv_navigation
[1.514s] copying /root/share/agpv_ws/build/agpv_navigation/build/lib/agpv_navigation/alert_handler.py -> /root/share/agpv_ws/install/agpv_navigation/lib/python3.10/site-packages/agpv_navigation
[1.515s] byte-compiling /root/share/agpv_ws/install/agpv_navigation/lib/python3.10/site-packages/agpv_navigation/__init__.py to __init__.cpython-310.pyc
[1.515s] byte-compiling /root/share/agpv_ws/install/agpv_navigation/lib/python3.10/site-packages/agpv_navigation/alert_handler.py to alert_handler.cpython-310.pyc
[1.516s] running install_data
[1.517s] copying resource/agpv_navigation -> /root/share/agpv_ws/install/agpv_navigation/share/ament_index/resource_index/packages
[1.517s] copying package.xml -> /root/share/agpv_ws/install/agpv_navigation/share/agpv_navigation
[1.517s] running install_egg_info
[1.520s] Copying ../../build/agpv_navigation/agpv_navigation.egg-info to /root/share/agpv_ws/install/agpv_navigation/lib/python3.10/site-packages/agpv_navigation-0.0.0-py3.10.egg-info
[1.521s] running install_scripts
[1.557s] Installing alert_handler script to /root/share/agpv_ws/install/agpv_navigation/lib/agpv_navigation
[1.558s] writing list of installed files to '/root/share/agpv_ws/build/agpv_navigation/install.log'
[1.618s] Invoked command in '/root/share/agpv_ws/src/agpv_navigation' returned '0': PYTHONPATH=/root/share/agpv_ws/build/agpv_navigation/prefix_override:/root/share/agpv_ws/install/agpv_navigation/lib/python3.10/site-packages:${PYTHONPATH} /usr/bin/python3 setup.py egg_info --egg-base ../../build/agpv_navigation build --build-base /root/share/agpv_ws/build/agpv_navigation/build install --record /root/share/agpv_ws/build/agpv_navigation/install.log --single-version-externally-managed
