/root/share/agpv_ws/install/agpv_navigation/lib/python3.10/site-packages/agpv_navigation/__init__.py
/root/share/agpv_ws/install/agpv_navigation/lib/python3.10/site-packages/agpv_navigation/visual_detector.py
/root/share/agpv_ws/install/agpv_navigation/lib/python3.10/site-packages/agpv_navigation/alert_handler.py
/root/share/agpv_ws/install/agpv_navigation/lib/python3.10/site-packages/agpv_navigation/patrol_vehicle.py
/root/share/agpv_ws/install/agpv_navigation/lib/python3.10/site-packages/agpv_navigation/__pycache__/__init__.cpython-310.pyc
/root/share/agpv_ws/install/agpv_navigation/lib/python3.10/site-packages/agpv_navigation/__pycache__/visual_detector.cpython-310.pyc
/root/share/agpv_ws/install/agpv_navigation/lib/python3.10/site-packages/agpv_navigation/__pycache__/alert_handler.cpython-310.pyc
/root/share/agpv_ws/install/agpv_navigation/lib/python3.10/site-packages/agpv_navigation/__pycache__/patrol_vehicle.cpython-310.pyc
/root/share/agpv_ws/install/agpv_navigation/share/ament_index/resource_index/packages/agpv_navigation
/root/share/agpv_ws/install/agpv_navigation/share/agpv_navigation/package.xml
/root/share/agpv_ws/install/agpv_navigation/share/agpv_navigation/launch/agpv_navigation.launch.py
/root/share/agpv_ws/install/agpv_navigation/lib/python3.10/site-packages/agpv_navigation-0.0.0-py3.10.egg-info/entry_points.txt
/root/share/agpv_ws/install/agpv_navigation/lib/python3.10/site-packages/agpv_navigation-0.0.0-py3.10.egg-info/top_level.txt
/root/share/agpv_ws/install/agpv_navigation/lib/python3.10/site-packages/agpv_navigation-0.0.0-py3.10.egg-info/dependency_links.txt
/root/share/agpv_ws/install/agpv_navigation/lib/python3.10/site-packages/agpv_navigation-0.0.0-py3.10.egg-info/SOURCES.txt
/root/share/agpv_ws/install/agpv_navigation/lib/python3.10/site-packages/agpv_navigation-0.0.0-py3.10.egg-info/zip-safe
/root/share/agpv_ws/install/agpv_navigation/lib/python3.10/site-packages/agpv_navigation-0.0.0-py3.10.egg-info/PKG-INFO
/root/share/agpv_ws/install/agpv_navigation/lib/python3.10/site-packages/agpv_navigation-0.0.0-py3.10.egg-info/requires.txt
/root/share/agpv_ws/install/agpv_navigation/lib/agpv_navigation/alert_handler
/root/share/agpv_ws/install/agpv_navigation/lib/agpv_navigation/patrol_vehicle
/root/share/agpv_ws/install/agpv_navigation/lib/agpv_navigation/visual_detector
