[1.186s] Invoking command in '/root/share/agpv_ws/src/agpv_navigation': PYTHONPATH=/root/share/agpv_ws/build/agpv_navigation/prefix_override:/root/share/agpv_ws/install/agpv_navigation/lib/python3.10/site-packages:${PYTHONPATH} /usr/bin/python3 setup.py egg_info --egg-base ../../build/agpv_navigation build --build-base /root/share/agpv_ws/build/agpv_navigation/build install --record /root/share/agpv_ws/build/agpv_navigation/install.log --single-version-externally-managed
[1.509s] running egg_info
[1.510s] writing ../../build/agpv_navigation/agpv_navigation.egg-info/PKG-INFO
[1.510s] writing dependency_links to ../../build/agpv_navigation/agpv_navigation.egg-info/dependency_links.txt
[1.511s] writing entry points to ../../build/agpv_navigation/agpv_navigation.egg-info/entry_points.txt
[1.511s] writing requirements to ../../build/agpv_navigation/agpv_navigation.egg-info/requires.txt
[1.511s] writing top-level names to ../../build/agpv_navigation/agpv_navigation.egg-info/top_level.txt
[1.514s] reading manifest file '../../build/agpv_navigation/agpv_navigation.egg-info/SOURCES.txt'
[1.515s] writing manifest file '../../build/agpv_navigation/agpv_navigation.egg-info/SOURCES.txt'
[1.515s] running build
[1.515s] running build_py
[1.516s] running install
[1.516s] /usr/lib/python3/dist-packages/setuptools/command/install.py:34: SetuptoolsDeprecationWarning: setup.py install is deprecated. Use build and pip and other standards-based tools.
[1.516s]   warnings.warn(
[1.516s] running install_lib
[1.518s] running install_data
[1.519s] copying launch/agpv_navigation.launch.py -> /root/share/agpv_ws/install/agpv_navigation/share/agpv_navigation/launch
[1.519s] running install_egg_info
[1.522s] removing '/root/share/agpv_ws/install/agpv_navigation/lib/python3.10/site-packages/agpv_navigation-0.0.0-py3.10.egg-info' (and everything under it)
[1.522s] Copying ../../build/agpv_navigation/agpv_navigation.egg-info to /root/share/agpv_ws/install/agpv_navigation/lib/python3.10/site-packages/agpv_navigation-0.0.0-py3.10.egg-info
[1.523s] running install_scripts
[1.556s] Installing alert_handler script to /root/share/agpv_ws/install/agpv_navigation/lib/agpv_navigation
[1.557s] Installing patrol_vehicle script to /root/share/agpv_ws/install/agpv_navigation/lib/agpv_navigation
[1.557s] Installing visual_detector script to /root/share/agpv_ws/install/agpv_navigation/lib/agpv_navigation
[1.557s] writing list of installed files to '/root/share/agpv_ws/build/agpv_navigation/install.log'
[1.619s] Invoked command in '/root/share/agpv_ws/src/agpv_navigation' returned '0': PYTHONPATH=/root/share/agpv_ws/build/agpv_navigation/prefix_override:/root/share/agpv_ws/install/agpv_navigation/lib/python3.10/site-packages:${PYTHONPATH} /usr/bin/python3 setup.py egg_info --egg-base ../../build/agpv_navigation build --build-base /root/share/agpv_ws/build/agpv_navigation/build install --record /root/share/agpv_ws/build/agpv_navigation/install.log --single-version-externally-managed
