running egg_info
creating ../../build/agpv_navigation/agpv_navigation.egg-info
writing ../../build/agpv_navigation/agpv_navigation.egg-info/PKG-INFO
writing dependency_links to ../../build/agpv_navigation/agpv_navigation.egg-info/dependency_links.txt
writing entry points to ../../build/agpv_navigation/agpv_navigation.egg-info/entry_points.txt
writing requirements to ../../build/agpv_navigation/agpv_navigation.egg-info/requires.txt
writing top-level names to ../../build/agpv_navigation/agpv_navigation.egg-info/top_level.txt
writing manifest file '../../build/agpv_navigation/agpv_navigation.egg-info/SOURCES.txt'
reading manifest file '../../build/agpv_navigation/agpv_navigation.egg-info/SOURCES.txt'
/usr/lib/python3/dist-packages/setuptools/command/install.py:34: SetuptoolsDeprecationWarning: setup.py install is deprecated. Use build and pip and other standards-based tools.
  warnings.warn(
writing manifest file '../../build/agpv_navigation/agpv_navigation.egg-info/SOURCES.txt'
running build
running build_py
creating /root/share/agpv_ws/build/agpv_navigation/build
creating /root/share/agpv_ws/build/agpv_navigation/build/lib
creating /root/share/agpv_ws/build/agpv_navigation/build/lib/agpv_navigation
copying agpv_navigation/__init__.py -> /root/share/agpv_ws/build/agpv_navigation/build/lib/agpv_navigation
copying agpv_navigation/visual_detector.py -> /root/share/agpv_ws/build/agpv_navigation/build/lib/agpv_navigation
copying agpv_navigation/alert_handler.py -> /root/share/agpv_ws/build/agpv_navigation/build/lib/agpv_navigation
copying agpv_navigation/patrol_vehicle.py -> /root/share/agpv_ws/build/agpv_navigation/build/lib/agpv_navigation
running install
running install_lib
creating /root/share/agpv_ws/install/agpv_navigation/lib/python3.10/site-packages/agpv_navigation
copying /root/share/agpv_ws/build/agpv_navigation/build/lib/agpv_navigation/__init__.py -> /root/share/agpv_ws/install/agpv_navigation/lib/python3.10/site-packages/agpv_navigation
copying /root/share/agpv_ws/build/agpv_navigation/build/lib/agpv_navigation/visual_detector.py -> /root/share/agpv_ws/install/agpv_navigation/lib/python3.10/site-packages/agpv_navigation
copying /root/share/agpv_ws/build/agpv_navigation/build/lib/agpv_navigation/alert_handler.py -> /root/share/agpv_ws/install/agpv_navigation/lib/python3.10/site-packages/agpv_navigation
copying /root/share/agpv_ws/build/agpv_navigation/build/lib/agpv_navigation/patrol_vehicle.py -> /root/share/agpv_ws/install/agpv_navigation/lib/python3.10/site-packages/agpv_navigation
byte-compiling /root/share/agpv_ws/install/agpv_navigation/lib/python3.10/site-packages/agpv_navigation/__init__.py to __init__.cpython-310.pyc
byte-compiling /root/share/agpv_ws/install/agpv_navigation/lib/python3.10/site-packages/agpv_navigation/visual_detector.py to visual_detector.cpython-310.pyc
byte-compiling /root/share/agpv_ws/install/agpv_navigation/lib/python3.10/site-packages/agpv_navigation/alert_handler.py to alert_handler.cpython-310.pyc
byte-compiling /root/share/agpv_ws/install/agpv_navigation/lib/python3.10/site-packages/agpv_navigation/patrol_vehicle.py to patrol_vehicle.cpython-310.pyc
running install_data
error: can't copy 'resource/agpv_navigation': doesn't exist or not a regular file
creating /root/share/agpv_ws/install/agpv_navigation/share/ament_index
creating /root/share/agpv_ws/install/agpv_navigation/share/ament_index/resource_index
creating /root/share/agpv_ws/install/agpv_navigation/share/ament_index/resource_index/packages
