[0.125s] Invoking command in '/root/share/agpv_ws/build/agpv_navigation': CMAKE_PREFIX_PATH=${CMAKE_PREFIX_PATH}:/root/yahboomcar_ws/install/yahboomcar_visual:/root/yahboomcar_ws/install/yahboomcar_nav:/root/yahboomcar_ws/install/yahboomcar_multi:/root/yahboomcar_ws/install/yahboomcar_mediapipe:/root/yahboomcar_ws/install/yahboomcar_laser:/root/yahboomcar_ws/install/yahboomcar_description:/root/yahboomcar_ws/install/yahboomcar_ctrl:/root/yahboomcar_ws/install/yahboomcar_bringup:/root/yahboomcar_ws/install/yahboomcar_astra:/root/yahboomcar_ws/install/yahboom_app_save_map:/root/yahboomcar_ws/install/laserscan_to_point_publisher:/opt/ros/humble /usr/bin/cmake --build /root/share/agpv_ws/build/agpv_navigation -- -j4 -l4
[0.194s] Invoked command in '/root/share/agpv_ws/build/agpv_navigation' returned '0': CMAKE_PREFIX_PATH=${CMAKE_PREFIX_PATH}:/root/yahboomcar_ws/install/yahboomcar_visual:/root/yahboomcar_ws/install/yahboomcar_nav:/root/yahboomcar_ws/install/yahboomcar_multi:/root/yahboomcar_ws/install/yahboomcar_mediapipe:/root/yahboomcar_ws/install/yahboomcar_laser:/root/yahboomcar_ws/install/yahboomcar_description:/root/yahboomcar_ws/install/yahboomcar_ctrl:/root/yahboomcar_ws/install/yahboomcar_bringup:/root/yahboomcar_ws/install/yahboomcar_astra:/root/yahboomcar_ws/install/yahboom_app_save_map:/root/yahboomcar_ws/install/laserscan_to_point_publisher:/opt/ros/humble /usr/bin/cmake --build /root/share/agpv_ws/build/agpv_navigation -- -j4 -l4
[0.244s] Invoking command in '/root/share/agpv_ws/build/agpv_navigation': CMAKE_PREFIX_PATH=${CMAKE_PREFIX_PATH}:/root/yahboomcar_ws/install/yahboomcar_visual:/root/yahboomcar_ws/install/yahboomcar_nav:/root/yahboomcar_ws/install/yahboomcar_multi:/root/yahboomcar_ws/install/yahboomcar_mediapipe:/root/yahboomcar_ws/install/yahboomcar_laser:/root/yahboomcar_ws/install/yahboomcar_description:/root/yahboomcar_ws/install/yahboomcar_ctrl:/root/yahboomcar_ws/install/yahboomcar_bringup:/root/yahboomcar_ws/install/yahboomcar_astra:/root/yahboomcar_ws/install/yahboom_app_save_map:/root/yahboomcar_ws/install/laserscan_to_point_publisher:/opt/ros/humble /usr/bin/cmake --install /root/share/agpv_ws/build/agpv_navigation
[0.255s] -- Install configuration: ""
[0.255s] -- Up-to-date: /root/share/agpv_ws/install/agpv_navigation/share/ament_index/resource_index/package_run_dependencies/agpv_navigation
[0.256s] -- Up-to-date: /root/share/agpv_ws/install/agpv_navigation/share/ament_index/resource_index/parent_prefix_path/agpv_navigation
[0.256s] -- Up-to-date: /root/share/agpv_ws/install/agpv_navigation/share/agpv_navigation/environment/ament_prefix_path.sh
[0.256s] -- Up-to-date: /root/share/agpv_ws/install/agpv_navigation/share/agpv_navigation/environment/ament_prefix_path.dsv
[0.256s] -- Up-to-date: /root/share/agpv_ws/install/agpv_navigation/share/agpv_navigation/environment/path.sh
[0.257s] -- Up-to-date: /root/share/agpv_ws/install/agpv_navigation/share/agpv_navigation/environment/path.dsv
[0.257s] -- Up-to-date: /root/share/agpv_ws/install/agpv_navigation/share/agpv_navigation/local_setup.bash
[0.257s] -- Up-to-date: /root/share/agpv_ws/install/agpv_navigation/share/agpv_navigation/local_setup.sh
[0.257s] -- Up-to-date: /root/share/agpv_ws/install/agpv_navigation/share/agpv_navigation/local_setup.zsh
[0.257s] -- Up-to-date: /root/share/agpv_ws/install/agpv_navigation/share/agpv_navigation/local_setup.dsv
[0.258s] -- Installing: /root/share/agpv_ws/install/agpv_navigation/share/agpv_navigation/package.dsv
[0.258s] -- Up-to-date: /root/share/agpv_ws/install/agpv_navigation/share/ament_index/resource_index/packages/agpv_navigation
[0.258s] -- Up-to-date: /root/share/agpv_ws/install/agpv_navigation/share/agpv_navigation/cmake/agpv_navigationConfig.cmake
[0.258s] -- Up-to-date: /root/share/agpv_ws/install/agpv_navigation/share/agpv_navigation/cmake/agpv_navigationConfig-version.cmake
[0.259s] -- Up-to-date: /root/share/agpv_ws/install/agpv_navigation/share/agpv_navigation/package.xml
[0.261s] Invoked command in '/root/share/agpv_ws/build/agpv_navigation' returned '0': CMAKE_PREFIX_PATH=${CMAKE_PREFIX_PATH}:/root/yahboomcar_ws/install/yahboomcar_visual:/root/yahboomcar_ws/install/yahboomcar_nav:/root/yahboomcar_ws/install/yahboomcar_multi:/root/yahboomcar_ws/install/yahboomcar_mediapipe:/root/yahboomcar_ws/install/yahboomcar_laser:/root/yahboomcar_ws/install/yahboomcar_description:/root/yahboomcar_ws/install/yahboomcar_ctrl:/root/yahboomcar_ws/install/yahboomcar_bringup:/root/yahboomcar_ws/install/yahboomcar_astra:/root/yahboomcar_ws/install/yahboom_app_save_map:/root/yahboomcar_ws/install/laserscan_to_point_publisher:/opt/ros/humble /usr/bin/cmake --install /root/share/agpv_ws/build/agpv_navigation
